<?xml version="1.0" encoding="UTF-8"?>
<!-- Generated by org.testng.reporters.JUnitReportReporter -->
<testsuite skipped="0" hostname="DESKTOP-HJ86OUE" name="util.BrowserFactory" tests="1" failures="0" timestamp="17 Feb 2022 09:07:18 GMT" time="4.162" errors="0">
  <testcase name="init" time="4.162" classname="util.BrowserFactory"/>
</testsuite> <!-- util.BrowserFactory -->
